START:2018-05-31 10:00:10.146000..............
开始遍历省份 》江苏
江苏>镇江>制造业>https://zhenjiang.tianyancha.com/search/ocC
1 ocC total:96121 pages:250
江苏>镇江>制造业>查询开始：行业大类》行业明细》
江苏>镇江>制造业>计算机通讯制造>total:3151 pages:158
江苏>镇江>制造业>计算机通讯制造>信息获取保存中...
江苏>镇江>制造业>铁路船舶制造>total:1158 pages:58
江苏>镇江>制造业>铁路船舶制造>信息获取保存中...
江苏>镇江>制造业>电器机械>total:6758 pages:250
江苏>镇江>制造业>电器机械>查询开始：行业大类》行业明细》注册资金
江苏>镇江>制造业>电器机械>100万-200万>total:606 pages:31
江苏>镇江>制造业>电器机械>100万-200万>信息获取保存中...
江苏>镇江>制造业>电器机械>1000万以上>total:1457 pages:73
江苏>镇江>制造业>电器机械>1000万以上>信息获取保存中...
江苏>镇江>制造业>电器机械>0-100万>total:3716 pages:186
江苏>镇江>制造业>电器机械>0-100万>信息获取保存中...
江苏>镇江>制造业>电器机械>500万-1000万>total:513 pages:26
江苏>镇江>制造业>电器机械>500万-1000万>信息获取保存中...
江苏>镇江>制造业>电器机械>200万-500万>total:466 pages:24
江苏>镇江>制造业>电器机械>200万-500万>信息获取保存中...
江苏>镇江>制造业>金属制品>total:89 pages:5
江苏>镇江>制造业>金属制品>信息获取保存中...
江苏>镇江>制造业>废弃和综合利用>total:523 pages:27
江苏>镇江>制造业>废弃和综合利用>信息获取保存中...
江苏>镇江>制造业>其他制造>total:2440 pages:122
江苏>镇江>制造业>其他制造>信息获取保存中...
江苏>镇江>制造业>仪器仪表制造>total:3158 pages:158
江苏>镇江>制造业>仪器仪表制造>信息获取保存中...
江苏>镇江>制造业>造纸和纸质>total:1925 pages:97
江苏>镇江>制造业>造纸和纸质>信息获取保存中...
江苏>镇江>制造业>印刷和记录>total:1427 pages:72
江苏>镇江>制造业>印刷和记录>信息获取保存中...
江苏>镇江>制造业>文体美工体育>total:6382 pages:250
江苏>镇江>制造业>文体美工体育>查询开始：行业大类》行业明细》注册资金
江苏>镇江>制造业>文体美工体育>100万-200万>total:430 pages:22
江苏>镇江>制造业>文体美工体育>100万-200万>信息获取保存中...
江苏>镇江>制造业>文体美工体育>1000万以上>total:119 pages:6
江苏>镇江>制造业>文体美工体育>1000万以上>信息获取保存中...
江苏>镇江>制造业>文体美工体育>0-100万>total:4897 pages:245
江苏>镇江>制造业>文体美工体育>0-100万>信息获取保存中...
江苏>镇江>制造业>文体美工体育>500万-1000万>total:290 pages:15
江苏>镇江>制造业>文体美工体育>500万-1000万>信息获取保存中...
江苏>镇江>制造业>文体美工体育>200万-500万>total:646 pages:33
江苏>镇江>制造业>文体美工体育>200万-500万>信息获取保存中...
江苏>镇江>制造业>石油加工>total:143 pages:8
江苏>镇江>制造业>石油加工>信息获取保存中...
江苏>镇江>制造业>化学原料>total:1999 pages:100
江苏>镇江>制造业>化学原料>信息获取保存中...
江苏>镇江>制造业>医药制造>total:204 pages:11
江苏>镇江>制造业>医药制造>信息获取保存中...
江苏>镇江>制造业>化学纤维>total:436 pages:22
江苏>镇江>制造业>化学纤维>信息获取保存中...
江苏>镇江>制造业>橡胶和塑料>total:5536 pages:250
江苏>镇江>制造业>橡胶和塑料>查询开始：行业大类》行业明细》注册资金
江苏>镇江>制造业>橡胶和塑料>100万-200万>total:423 pages:22
江苏>镇江>制造业>橡胶和塑料>100万-200万>信息获取保存中...
江苏>镇江>制造业>橡胶和塑料>1000万以上>total:302 pages:16
江苏>镇江>制造业>橡胶和塑料>1000万以上>信息获取保存中...
江苏>镇江>制造业>橡胶和塑料>0-100万>total:4162 pages:209
江苏>镇江>制造业>橡胶和塑料>0-100万>信息获取保存中...
江苏>镇江>制造业>橡胶和塑料>500万-1000万>total:236 pages:12
江苏>镇江>制造业>橡胶和塑料>500万-1000万>信息获取保存中...
江苏>镇江>制造业>橡胶和塑料>200万-500万>total:413 pages:21
江苏>镇江>制造业>橡胶和塑料>200万-500万>信息获取保存中...
江苏>镇江>制造业>非金属矿物>total:5116 pages:250
江苏>镇江>制造业>非金属矿物>查询开始：行业大类》行业明细》注册资金
江苏>镇江>制造业>非金属矿物>100万-200万>total:418 pages:21
江苏>镇江>制造业>非金属矿物>100万-200万>信息获取保存中...
江苏>镇江>制造业>非金属矿物>1000万以上>total:350 pages:18
江苏>镇江>制造业>非金属矿物>1000万以上>信息获取保存中...
江苏>镇江>制造业>非金属矿物>0-100万>total:3745 pages:188
江苏>镇江>制造业>非金属矿物>0-100万>信息获取保存中...
江苏>镇江>制造业>非金属矿物>500万-1000万>total:222 pages:12
江苏>镇江>制造业>非金属矿物>500万-1000万>信息获取保存中...
江苏>镇江>制造业>非金属矿物>200万-500万>total:381 pages:20
江苏>镇江>制造业>非金属矿物>200万-500万>信息获取保存中...
江苏>镇江>制造业>有色金属冶炼>total:496 pages:25
江苏>镇江>制造业>有色金属冶炼>信息获取保存中...
江苏>镇江>制造业>黑色金属冶炼>total:646 pages:33
江苏>镇江>制造业>黑色金属冶炼>信息获取保存中...
江苏>镇江>制造业>皮革毛皮>total:5017 pages:250
江苏>镇江>制造业>皮革毛皮>查询开始：行业大类》行业明细》注册资金
江苏>镇江>制造业>皮革毛皮>100万-200万>total:446 pages:23
江苏>镇江>制造业>皮革毛皮>100万-200万>信息获取保存中...
江苏>镇江>制造业>皮革毛皮>1000万以上>total:114 pages:6
江苏>镇江>制造业>皮革毛皮>1000万以上>信息获取保存中...
江苏>镇江>制造业>皮革毛皮>0-100万>total:3817 pages:191
江苏>镇江>制造业>皮革毛皮>0-100万>信息获取保存中...
江苏>镇江>制造业>皮革毛皮>500万-1000万>total:268 pages:14
江苏>镇江>制造业>皮革毛皮>500万-1000万>信息获取保存中...
江苏>镇江>制造业>皮革毛皮>200万-500万>total:372 pages:19
江苏>镇江>制造业>皮革毛皮>200万-500万>信息获取保存中...
江苏>镇江>制造业>纺织业>total:3206 pages:161
江苏>镇江>制造业>纺织业>信息获取保存中...
江苏>镇江>制造业>纺织服装>total:9965 pages:250
江苏>镇江>制造业>纺织服装>查询开始：行业大类》行业明细》注册资金
江苏>镇江>制造业>纺织服装>100万-200万>total:938 pages:47
江苏>镇江>制造业>纺织服装>100万-200万>信息获取保存中...
江苏>镇江>制造业>纺织服装>1000万以上>total:228 pages:12
江苏>镇江>制造业>纺织服装>1000万以上>信息获取保存中...
江苏>镇江>制造业>纺织服装>0-100万>total:6730 pages:250
江苏>镇江>制造业>纺织服装>0-100万>查询开始：行业大类》行业明细》注册资金》注册时间
江苏>镇江>制造业>纺织服装>0-100万>成立10-15年>total:1041 pages:53
江苏>镇江>制造业>纺织服装>0-100万>成立10-15年>信息获取保存中...
江苏>镇江>制造业>纺织服装>0-100万>成立1-5年>total:1389 pages:70
江苏>镇江>制造业>纺织服装>0-100万>成立1-5年>信息获取保存中...
江苏>镇江>制造业>纺织服装>0-100万>成立15年以上>total:2649 pages:133
江苏>镇江>制造业>纺织服装>0-100万>成立15年以上>信息获取保存中...
江苏>镇江>制造业>纺织服装>0-100万>成立5-10年>total:1571 pages:79
江苏>镇江>制造业>纺织服装>0-100万>成立5-10年>信息获取保存中...
江苏>镇江>制造业>纺织服装>0-100万>成立一年以内>total:80 pages:4
江苏>镇江>制造业>纺织服装>0-100万>成立一年以内>信息获取保存中...
江苏>镇江>制造业>纺织服装>500万-1000万>total:833 pages:42
江苏>镇江>制造业>纺织服装>500万-1000万>信息获取保存中...
江苏>镇江>制造业>纺织服装>200万-500万>total:1236 pages:62
江苏>镇江>制造业>纺织服装>200万-500万>信息获取保存中...
江苏>镇江>制造业>酒饮料茶>total:448 pages:23
江苏>镇江>制造业>酒饮料茶>信息获取保存中...
江苏>镇江>制造业>烟草制造>total:2 pages:1
江苏>镇江>制造业>烟草制造>信息获取保存中...
============================================
老铁你又被标记了!
============================================
江苏>镇江>制造业>农副食品加工>total:0 pages:0
江苏>镇江>制造业>农副食品加工>信息获取保存中...
江苏>镇江>制造业>食品制造>total:1653 pages:83
江苏>镇江>制造业>食品制造>信息获取保存中...
江苏>镇江>制造业>家具制造>total:679 pages:34
江苏>镇江>制造业>家具制造>信息获取保存中...
江苏>镇江>制造业>木材加工>total:1635 pages:82
江苏>镇江>制造业>木材加工>信息获取保存中...
江苏>泰州>制造业>https://tzh.tianyancha.com/search/ocC
1 ocC total:100348 pages:250
江苏>泰州>制造业>查询开始：行业大类》行业明细》
江苏>泰州>制造业>计算机通讯制造>total:1590 pages:80
江苏>泰州>制造业>计算机通讯制造>信息获取保存中...
江苏>泰州>制造业>铁路船舶制造>total:3149 pages:158
江苏>泰州>制造业>铁路船舶制造>信息获取保存中...
江苏>泰州>制造业>电器机械>total:5012 pages:250
江苏>泰州>制造业>电器机械>查询开始：行业大类》行业明细》注册资金
江苏>泰州>制造业>电器机械>100万-200万>total:569 pages:29
江苏>泰州>制造业>电器机械>100万-200万>信息获取保存中...
江苏>泰州>制造业>电器机械>1000万以上>total:590 pages:30
江苏>泰州>制造业>电器机械>1000万以上>信息获取保存中...
江苏>泰州>制造业>电器机械>0-100万>total:3232 pages:162
江苏>泰州>制造业>电器机械>0-100万>信息获取保存中...
江苏>泰州>制造业>电器机械>500万-1000万>total:323 pages:17
江苏>泰州>制造业>电器机械>500万-1000万>信息获取保存中...
江苏>泰州>制造业>电器机械>200万-500万>total:298 pages:15
江苏>泰州>制造业>电器机械>200万-500万>信息获取保存中...
江苏>泰州>制造业>金属制品>total:90 pages:5
江苏>泰州>制造业>金属制品>信息获取保存中...
江苏>泰州>制造业>废弃和综合利用>total:686 pages:35
江苏>泰州>制造业>废弃和综合利用>信息获取保存中...
江苏>泰州>制造业>其他制造>total:1694 pages:85
江苏>泰州>制造业>其他制造>信息获取保存中...
江苏>泰州>制造业>仪器仪表制造>total:1087 pages:55
江苏>泰州>制造业>仪器仪表制造>信息获取保存中...
江苏>泰州>制造业>造纸和纸质>total:1343 pages:68
江苏>泰州>制造业>造纸和纸质>信息获取保存中...
江苏>泰州>制造业>印刷和记录>total:985 pages:50
江苏>泰州>制造业>印刷和记录>信息获取保存中...
江苏>泰州>制造业>文体美工体育>total:7049 pages:250
江苏>泰州>制造业>文体美工体育>查询开始：行业大类》行业明细》注册资金
江苏>泰州>制造业>文体美工体育>100万-200万>total:378 pages:19
江苏>泰州>制造业>文体美工体育>100万-200万>信息获取保存中...
江苏>泰州>制造业>文体美工体育>1000万以上>total:145 pages:8
江苏>泰州>制造业>文体美工体育>1000万以上>信息获取保存中...
江苏>泰州>制造业>文体美工体育>0-100万>total:5863 pages:250
江苏>泰州>制造业>文体美工体育>0-100万>查询开始：行业大类》行业明细》注册资金》注册时间
江苏>泰州>制造业>文体美工体育>0-100万>成立10-15年>total:631 pages:32
江苏>泰州>制造业>文体美工体育>0-100万>成立10-15年>信息获取保存中...
江苏>泰州>制造业>文体美工体育>0-100万>成立1-5年>total:748 pages:38
江苏>泰州>制造业>文体美工体育>0-100万>成立1-5年>信息获取保存中...
江苏>泰州>制造业>文体美工体育>0-100万>成立15年以上>total:3644 pages:183
江苏>泰州>制造业>文体美工体育>0-100万>成立15年以上>信息获取保存中...
江苏>泰州>制造业>文体美工体育>0-100万>成立5-10年>total:765 pages:39
江苏>泰州>制造业>文体美工体育>0-100万>成立5-10年>信息获取保存中...
江苏>泰州>制造业>文体美工体育>0-100万>成立一年以内>total:75 pages:4
江苏>泰州>制造业>文体美工体育>0-100万>成立一年以内>信息获取保存中...
江苏>泰州>制造业>文体美工体育>500万-1000万>total:352 pages:18
江苏>泰州>制造业>文体美工体育>500万-1000万>信息获取保存中...
江苏>泰州>制造业>文体美工体育>200万-500万>total:311 pages:16
江苏>泰州>制造业>文体美工体育>200万-500万>信息获取保存中...
江苏>泰州>制造业>石油加工>total:99 pages:5
江苏>泰州>制造业>石油加工>信息获取保存中...
江苏>泰州>制造业>化学原料>total:1941 pages:98
江苏>泰州>制造业>化学原料>信息获取保存中...
江苏>泰州>制造业>医药制造>total:383 pages:20
江苏>泰州>制造业>医药制造>信息获取保存中...
江苏>泰州>制造业>化学纤维>total:393 pages:20
江苏>泰州>制造业>化学纤维>信息获取保存中...
江苏>泰州>制造业>橡胶和塑料>total:3842 pages:193
江苏>泰州>制造业>橡胶和塑料>信息获取保存中...
江苏>泰州>制造业>非金属矿物>total:3812 pages:191
江苏>泰州>制造业>非金属矿物>信息获取保存中...
江苏>泰州>制造业>有色金属冶炼>total:508 pages:26
江苏>泰州>制造业>有色金属冶炼>信息获取保存中...
江苏>泰州>制造业>黑色金属冶炼>total:1370 pages:69
江苏>泰州>制造业>黑色金属冶炼>信息获取保存中...
江苏>泰州>制造业>皮革毛皮>total:1117 pages:56
江苏>泰州>制造业>皮革毛皮>信息获取保存中...
江苏>泰州>制造业>纺织业>total:4214 pages:211
江苏>泰州>制造业>纺织业>信息获取保存中...
江苏>泰州>制造业>纺织服装>total:11160 pages:250
江苏>泰州>制造业>纺织服装>查询开始：行业大类》行业明细》注册资金
============================================
老铁你又被标记了!
============================================
江苏>泰州>制造业>纺织服装>100万-200万>total:0 pages:0
江苏>泰州>制造业>纺织服装>100万-200万>信息获取保存中...
============================================
老铁你又被标记了!
============================================
江苏>泰州>制造业>纺织服装>1000万以上>total:0 pages:0
江苏>泰州>制造业>纺织服装>1000万以上>信息获取保存中...
============================================
老铁你又被标记了!
============================================
江苏>泰州>制造业>纺织服装>0-100万>total:0 pages:0
江苏>泰州>制造业>纺织服装>0-100万>信息获取保存中...
============================================
老铁你又被标记了!
============================================
江苏>泰州>制造业>纺织服装>500万-1000万>total:0 pages:0
江苏>泰州>制造业>纺织服装>500万-1000万>信息获取保存中...
============================================
老铁你又被标记了!
============================================
江苏>泰州>制造业>纺织服装>200万-500万>total:0 pages:0
江苏>泰州>制造业>纺织服装>200万-500万>信息获取保存中...
============================================
老铁你又被标记了!
============================================
江苏>泰州>制造业>酒饮料茶>total:0 pages:0
江苏>泰州>制造业>酒饮料茶>信息获取保存中...
============================================
老铁你又被标记了!
============================================
江苏>泰州>制造业>烟草制造>total:0 pages:0
江苏>泰州>制造业>烟草制造>信息获取保存中...
============================================
老铁你又被标记了!
============================================
江苏>泰州>制造业>农副食品加工>total:0 pages:0
江苏>泰州>制造业>农副食品加工>信息获取保存中...
============================================
老铁你又被标记了!
============================================
江苏>泰州>制造业>食品制造>total:0 pages:0
江苏>泰州>制造业>食品制造>信息获取保存中...
============================================
老铁你又被标记了!
============================================
江苏>泰州>制造业>家具制造>total:0 pages:0
江苏>泰州>制造业>家具制造>信息获取保存中...
============================================
老铁你又被标记了!
============================================
江苏>泰州>制造业>木材加工>total:0 pages:0
江苏>泰州>制造业>木材加工>信息获取保存中...
江苏>宿迁>制造业>https://suqian.tianyancha.com/search/ocC
============================================
老铁你又被标记了!
============================================
1 ocC total:0 pages:0
江苏>宿迁>制造业>查询开始：行业大类》
江苏>宿迁>制造业>信息获取保存中...
START:2018-05-31 10:10:48.797000..............
开始遍历省份 》江苏
江苏>泰州>制造业>https://tzh.tianyancha.com/search/ocC
============================================
老铁你又被标记了!
============================================
1 ocC total:0 pages:0
江苏>泰州>制造业>查询开始：行业大类》
江苏>泰州>制造业>信息获取保存中...
江苏>宿迁>制造业>https://suqian.tianyancha.com/search/ocC
============================================
老铁你又被标记了!
============================================
1 ocC total:0 pages:0
江苏>宿迁>制造业>查询开始：行业大类》
江苏>宿迁>制造业>信息获取保存中...
START:2018-05-31 10:12:03.031000..............
开始遍历省份 》江苏
江苏>泰州>制造业>https://tzh.tianyancha.com/search/ocC
1 ocC total:100348 pages:250
江苏>泰州>制造业>查询开始：行业大类》行业明细》
江苏>泰州>制造业>计算机通讯制造>total:1590 pages:80
江苏>泰州>制造业>计算机通讯制造>信息获取保存中...
江苏>泰州>制造业>铁路船舶制造>total:3149 pages:158
江苏>泰州>制造业>铁路船舶制造>信息获取保存中...
江苏>泰州>制造业>电器机械>total:5012 pages:250
江苏>泰州>制造业>电器机械>查询开始：行业大类》行业明细》注册资金
江苏>泰州>制造业>电器机械>100万-200万>total:569 pages:29
江苏>泰州>制造业>电器机械>100万-200万>信息获取保存中...
江苏>泰州>制造业>电器机械>1000万以上>total:590 pages:30
江苏>泰州>制造业>电器机械>1000万以上>信息获取保存中...
江苏>泰州>制造业>电器机械>0-100万>total:3232 pages:162
江苏>泰州>制造业>电器机械>0-100万>信息获取保存中...
江苏>泰州>制造业>电器机械>500万-1000万>total:323 pages:17
江苏>泰州>制造业>电器机械>500万-1000万>信息获取保存中...
江苏>泰州>制造业>电器机械>200万-500万>total:298 pages:15
江苏>泰州>制造业>电器机械>200万-500万>信息获取保存中...
江苏>泰州>制造业>金属制品>total:90 pages:5
江苏>泰州>制造业>金属制品>信息获取保存中...
江苏>泰州>制造业>废弃和综合利用>total:686 pages:35
江苏>泰州>制造业>废弃和综合利用>信息获取保存中...
江苏>泰州>制造业>其他制造>total:1694 pages:85
江苏>泰州>制造业>其他制造>信息获取保存中...
江苏>泰州>制造业>仪器仪表制造>total:1087 pages:55
江苏>泰州>制造业>仪器仪表制造>信息获取保存中...
江苏>泰州>制造业>造纸和纸质>total:1343 pages:68
江苏>泰州>制造业>造纸和纸质>信息获取保存中...
江苏>泰州>制造业>印刷和记录>total:985 pages:50
江苏>泰州>制造业>印刷和记录>信息获取保存中...
江苏>泰州>制造业>文体美工体育>total:7049 pages:250
江苏>泰州>制造业>文体美工体育>查询开始：行业大类》行业明细》注册资金
江苏>泰州>制造业>文体美工体育>100万-200万>total:378 pages:19
江苏>泰州>制造业>文体美工体育>100万-200万>信息获取保存中...
江苏>泰州>制造业>文体美工体育>1000万以上>total:145 pages:8
江苏>泰州>制造业>文体美工体育>1000万以上>信息获取保存中...
江苏>泰州>制造业>文体美工体育>0-100万>total:5863 pages:250
江苏>泰州>制造业>文体美工体育>0-100万>查询开始：行业大类》行业明细》注册资金》注册时间
江苏>泰州>制造业>文体美工体育>0-100万>成立10-15年>total:631 pages:32
江苏>泰州>制造业>文体美工体育>0-100万>成立10-15年>信息获取保存中...
江苏>泰州>制造业>文体美工体育>0-100万>成立1-5年>total:748 pages:38
江苏>泰州>制造业>文体美工体育>0-100万>成立1-5年>信息获取保存中...
江苏>泰州>制造业>文体美工体育>0-100万>成立15年以上>total:3644 pages:183
江苏>泰州>制造业>文体美工体育>0-100万>成立15年以上>信息获取保存中...
江苏>泰州>制造业>文体美工体育>0-100万>成立5-10年>total:765 pages:39
江苏>泰州>制造业>文体美工体育>0-100万>成立5-10年>信息获取保存中...
江苏>泰州>制造业>文体美工体育>0-100万>成立一年以内>total:75 pages:4
江苏>泰州>制造业>文体美工体育>0-100万>成立一年以内>信息获取保存中...
江苏>泰州>制造业>文体美工体育>500万-1000万>total:352 pages:18
江苏>泰州>制造业>文体美工体育>500万-1000万>信息获取保存中...
江苏>泰州>制造业>文体美工体育>200万-500万>total:311 pages:16
江苏>泰州>制造业>文体美工体育>200万-500万>信息获取保存中...
江苏>泰州>制造业>石油加工>total:99 pages:5
江苏>泰州>制造业>石油加工>信息获取保存中...
江苏>泰州>制造业>化学原料>total:1941 pages:98
江苏>泰州>制造业>化学原料>信息获取保存中...
江苏>泰州>制造业>医药制造>total:383 pages:20
江苏>泰州>制造业>医药制造>信息获取保存中...
江苏>泰州>制造业>化学纤维>total:393 pages:20
江苏>泰州>制造业>化学纤维>信息获取保存中...
江苏>泰州>制造业>橡胶和塑料>total:3842 pages:193
江苏>泰州>制造业>橡胶和塑料>信息获取保存中...
江苏>泰州>制造业>非金属矿物>total:3812 pages:191
江苏>泰州>制造业>非金属矿物>信息获取保存中...
江苏>泰州>制造业>有色金属冶炼>total:508 pages:26
江苏>泰州>制造业>有色金属冶炼>信息获取保存中...
江苏>泰州>制造业>黑色金属冶炼>total:1370 pages:69
江苏>泰州>制造业>黑色金属冶炼>信息获取保存中...
江苏>泰州>制造业>皮革毛皮>total:1117 pages:56
江苏>泰州>制造业>皮革毛皮>信息获取保存中...
江苏>泰州>制造业>纺织业>total:4214 pages:211
江苏>泰州>制造业>纺织业>信息获取保存中...
江苏>泰州>制造业>纺织服装>total:11160 pages:250
江苏>泰州>制造业>纺织服装>查询开始：行业大类》行业明细》注册资金
江苏>泰州>制造业>纺织服装>100万-200万>total:1000 pages:50
江苏>泰州>制造业>纺织服装>100万-200万>信息获取保存中...
江苏>泰州>制造业>纺织服装>1000万以上>total:134 pages:7
江苏>泰州>制造业>纺织服装>1000万以上>信息获取保存中...
江苏>泰州>制造业>纺织服装>0-100万>total:8168 pages:250
江苏>泰州>制造业>纺织服装>0-100万>查询开始：行业大类》行业明细》注册资金》注册时间
江苏>泰州>制造业>纺织服装>0-100万>成立10-15年>total:1177 pages:59
江苏>泰州>制造业>纺织服装>0-100万>成立10-15年>信息获取保存中...
江苏>泰州>制造业>纺织服装>0-100万>成立1-5年>total:2684 pages:135
江苏>泰州>制造业>纺织服装>0-100万>成立1-5年>信息获取保存中...
江苏>泰州>制造业>纺织服装>0-100万>成立15年以上>total:1233 pages:62
江苏>泰州>制造业>纺织服装>0-100万>成立15年以上>信息获取保存中...
江苏>泰州>制造业>纺织服装>0-100万>成立5-10年>total:2806 pages:141
江苏>泰州>制造业>纺织服装>0-100万>成立5-10年>信息获取保存中...
江苏>泰州>制造业>纺织服装>0-100万>成立一年以内>total:268 pages:14
江苏>泰州>制造业>纺织服装>0-100万>成立一年以内>信息获取保存中...
江苏>泰州>制造业>纺织服装>500万-1000万>total:836 pages:42
江苏>泰州>制造业>纺织服装>500万-1000万>信息获取保存中...
江苏>泰州>制造业>纺织服装>200万-500万>total:1022 pages:52
江苏>泰州>制造业>纺织服装>200万-500万>信息获取保存中...
江苏>泰州>制造业>酒饮料茶>total:414 pages:21
江苏>泰州>制造业>酒饮料茶>信息获取保存中...
============================================
老铁你又被标记了!
============================================
江苏>泰州>制造业>烟草制造>total:0 pages:0
江苏>泰州>制造业>烟草制造>信息获取保存中...
江苏>泰州>制造业>农副食品加工>total:2191 pages:110
江苏>泰州>制造业>农副食品加工>信息获取保存中...
江苏>泰州>制造业>食品制造>total:2379 pages:119
江苏>泰州>制造业>食品制造>信息获取保存中...
江苏>泰州>制造业>家具制造>total:1044 pages:53
江苏>泰州>制造业>家具制造>信息获取保存中...
江苏>泰州>制造业>木材加工>total:2255 pages:113
江苏>泰州>制造业>木材加工>信息获取保存中...
江苏>宿迁>制造业>https://suqian.tianyancha.com/search/ocC
1 ocC total:72821 pages:250
江苏>宿迁>制造业>查询开始：行业大类》行业明细》
江苏>宿迁>制造业>计算机通讯制造>total:1542 pages:78
江苏>宿迁>制造业>计算机通讯制造>信息获取保存中...
江苏>宿迁>制造业>铁路船舶制造>total:477 pages:24
江苏>宿迁>制造业>铁路船舶制造>信息获取保存中...
江苏>宿迁>制造业>电器机械>total:1669 pages:84
江苏>宿迁>制造业>电器机械>信息获取保存中...
江苏>宿迁>制造业>金属制品>total:74 pages:4
江苏>宿迁>制造业>金属制品>信息获取保存中...
江苏>宿迁>制造业>废弃和综合利用>total:478 pages:24
江苏>宿迁>制造业>废弃和综合利用>信息获取保存中...
江苏>宿迁>制造业>其他制造>total:1379 pages:69
江苏>宿迁>制造业>其他制造>信息获取保存中...
江苏>宿迁>制造业>仪器仪表制造>total:137 pages:7
江苏>宿迁>制造业>仪器仪表制造>信息获取保存中...
江苏>宿迁>制造业>造纸和纸质>total:984 pages:50
江苏>宿迁>制造业>造纸和纸质>信息获取保存中...
江苏>宿迁>制造业>印刷和记录>total:747 pages:38
江苏>宿迁>制造业>印刷和记录>信息获取保存中...
江苏>宿迁>制造业>文体美工体育>total:4631 pages:232
江苏>宿迁>制造业>文体美工体育>信息获取保存中...
江苏>宿迁>制造业>石油加工>total:19 pages:1
江苏>宿迁>制造业>石油加工>信息获取保存中...
江苏>宿迁>制造业>化学原料>total:788 pages:40
江苏>宿迁>制造业>化学原料>信息获取保存中...
江苏>宿迁>制造业>医药制造>total:185 pages:10
江苏>宿迁>制造业>医药制造>信息获取保存中...
江苏>宿迁>制造业>化学纤维>total:216 pages:11
江苏>宿迁>制造业>化学纤维>信息获取保存中...
江苏>宿迁>制造业>橡胶和塑料>total:1976 pages:99
江苏>宿迁>制造业>橡胶和塑料>信息获取保存中...
江苏>宿迁>制造业>非金属矿物>total:4113 pages:206
江苏>宿迁>制造业>非金属矿物>信息获取保存中...
江苏>宿迁>制造业>有色金属冶炼>total:154 pages:8
江苏>宿迁>制造业>有色金属冶炼>信息获取保存中...
江苏>宿迁>制造业>黑色金属冶炼>total:133 pages:7
江苏>宿迁>制造业>黑色金属冶炼>信息获取保存中...
江苏>宿迁>制造业>皮革毛皮>total:1874 pages:94
江苏>宿迁>制造业>皮革毛皮>信息获取保存中...
江苏>宿迁>制造业>纺织业>total:2493 pages:125
江苏>宿迁>制造业>纺织业>信息获取保存中...
江苏>宿迁>制造业>纺织服装>total:11689 pages:250
江苏>宿迁>制造业>纺织服装>查询开始：行业大类》行业明细》注册资金
江苏>宿迁>制造业>纺织服装>100万-200万>total:1026 pages:52
江苏>宿迁>制造业>纺织服装>100万-200万>信息获取保存中...
江苏>宿迁>制造业>纺织服装>1000万以上>total:295 pages:15
江苏>宿迁>制造业>纺织服装>1000万以上>信息获取保存中...
江苏>宿迁>制造业>纺织服装>0-100万>total:8563 pages:250
江苏>宿迁>制造业>纺织服装>0-100万>查询开始：行业大类》行业明细》注册资金》注册时间
江苏>宿迁>制造业>纺织服装>0-100万>成立10-15年>total:883 pages:45
江苏>宿迁>制造业>纺织服装>0-100万>成立10-15年>信息获取保存中...
江苏>宿迁>制造业>纺织服装>0-100万>成立1-5年>total:3612 pages:181
江苏>宿迁>制造业>纺织服装>0-100万>成立1-5年>信息获取保存中...
江苏>宿迁>制造业>纺织服装>0-100万>成立15年以上>total:262 pages:14
江苏>宿迁>制造业>纺织服装>0-100万>成立15年以上>信息获取保存中...
江苏>宿迁>制造业>纺织服装>0-100万>成立5-10年>total:3683 pages:185
江苏>宿迁>制造业>纺织服装>0-100万>成立5-10年>信息获取保存中...
江苏>宿迁>制造业>纺织服装>0-100万>成立一年以内>total:123 pages:7
江苏>宿迁>制造业>纺织服装>0-100万>成立一年以内>信息获取保存中...
江苏>宿迁>制造业>纺织服装>500万-1000万>total:806 pages:41
江苏>宿迁>制造业>纺织服装>500万-1000万>信息获取保存中...
江苏>宿迁>制造业>纺织服装>200万-500万>total:999 pages:50
江苏>宿迁>制造业>纺织服装>200万-500万>信息获取保存中...
江苏>宿迁>制造业>酒饮料茶>total:1155 pages:58
江苏>宿迁>制造业>酒饮料茶>信息获取保存中...
江苏>宿迁>制造业>烟草制造>total:1 pages:1
江苏>宿迁>制造业>烟草制造>信息获取保存中...
江苏>宿迁>制造业>农副食品加工>total:3187 pages:160
江苏>宿迁>制造业>农副食品加工>信息获取保存中...
江苏>宿迁>制造业>食品制造>total:2589 pages:130
江苏>宿迁>制造业>食品制造>信息获取保存中...
江苏>宿迁>制造业>家具制造>total:3556 pages:178
江苏>宿迁>制造业>家具制造>信息获取保存中...
江苏>宿迁>制造业>木材加工>total:20174 pages:250
江苏>宿迁>制造业>木材加工>查询开始：行业大类》行业明细》注册资金
江苏>宿迁>制造业>木材加工>100万-200万>total:1436 pages:72
江苏>宿迁>制造业>木材加工>100万-200万>信息获取保存中...
江苏>宿迁>制造业>木材加工>1000万以上>total:284 pages:15
江苏>宿迁>制造业>木材加工>1000万以上>信息获取保存中...
江苏>宿迁>制造业>木材加工>0-100万>total:17248 pages:250
江苏>宿迁>制造业>木材加工>0-100万>查询开始：行业大类》行业明细》注册资金》注册时间
江苏>宿迁>制造业>木材加工>0-100万>成立10-15年>total:2012 pages:101
江苏>宿迁>制造业>木材加工>0-100万>成立10-15年>信息获取保存中...
江苏>宿迁>制造业>木材加工>0-100万>成立1-5年>total:4897 pages:245
江苏>宿迁>制造业>木材加工>0-100万>成立1-5年>信息获取保存中...
江苏>宿迁>制造业>木材加工>0-100万>成立15年以上>total:1907 pages:96
江苏>宿迁>制造业>木材加工>0-100万>成立15年以上>信息获取保存中...
江苏>宿迁>制造业>木材加工>0-100万>成立5-10年>total:8203 pages:250
江苏>宿迁>制造业>木材加工>0-100万>成立5-10年>查询开始：行业大类》行业明细》注册资金》注册时间》注册状态
江苏>宿迁>制造业>木材加工>0-100万>成立5-10年>信息获取保存中...
江苏>宿迁>制造业>木材加工>0-100万>成立5-10年>迁出>total:3 pages:1
江苏>宿迁>制造业>木材加工>0-100万>成立5-10年>注销>total:5825 pages:250
江苏>宿迁>制造业>木材加工>0-100万>成立5-10年>吊销>total:56 pages:3
江苏>宿迁>制造业>木材加工>0-100万>成立5-10年>存续>total:6 pages:1
江苏>宿迁>制造业>木材加工>0-100万>成立5-10年>在业>total:2313 pages:116
江苏>宿迁>制造业>木材加工>0-100万>成立一年以内>total:229 pages:12
江苏>宿迁>制造业>木材加工>0-100万>成立一年以内>信息获取保存中...
江苏>宿迁>制造业>木材加工>500万-1000万>total:380 pages:19
江苏>宿迁>制造业>木材加工>500万-1000万>信息获取保存中...
江苏>宿迁>制造业>木材加工>200万-500万>total:826 pages:42
江苏>宿迁>制造业>木材加工>200万-500万>信息获取保存中...
